Using pre-set license
Built from '2020.3/staging' branch; Version is '2020.3.5f1 (8095aa901b9b) revision 8426922'; Using compiler version '192528614'; Build Type 'Release'
OS: 'Windows 10 Pro; OS build 19042.508; Version 2009; 64bit' Language: 'en' Physical Memory: 16349 MB
BatchMode: 1, IsHumanControllingUs: 0, StartBugReporterOnCrash: 0, Is64bit: 1, IsPro: 0

 COMMAND LINE ARGUMENTS:
D:\Unity\2020.3.5f1\Editor\Unity.exe
-adb2
-batchMode
-noUpm
-name
AssetImportWorker0
-projectPath
D:/Users/Dimas/Documents/GitHub/Project Soul
-logFile
Logs/AssetImportWorker0.log
-srvPort
55956
Successfully changed project path to: D:/Users/Dimas/Documents/GitHub/Project Soul
D:/Users/Dimas/Documents/GitHub/Project Soul
Using Asset Import Pipeline V2.
Refreshing native plugins compatible for Editor in 96.27 ms, found 1 plugins.
Preloading 0 native plugins for Editor in 0.00 ms.
Initialize engine version: 2020.3.5f1 (8095aa901b9b)
[Subsystems] Discovering subsystems at path D:/Unity/2020.3.5f1/Editor/Data/Resources/UnitySubsystems
[Subsystems] Discovering subsystems at path D:/Users/Dimas/Documents/GitHub/Project Soul/Assets
GfxDevice: creating device client; threaded=0
Direct3D:
    Version:  Direct3D 11.0 [level 11.1]
    Renderer: AMD Radeon RX 5600 XT (ID=0x731f)
    Vendor:   
    VRAM:     6103 MB
    Driver:   27.20.15003.1004
Initialize mono
Mono path[0] = 'D:/Unity/2020.3.5f1/Editor/Data/Managed'
Mono path[1] = 'D:/Unity/2020.3.5f1/Editor/Data/MonoBleedingEdge/lib/mono/unityjit'
Mono config path = 'D:/Unity/2020.3.5f1/Editor/Data/MonoBleedingEdge/etc'
Using monoOptions --debugger-agent=transport=dt_socket,embedding=1,server=y,suspend=n,address=127.0.0.1:56556
Begin MonoManager ReloadAssembly
Registering precompiled unity dll's ...
Register platform support module: D:/Unity/2020.3.5f1/Editor/Data/PlaybackEngines/WindowsStandaloneSupport/UnityEditor.WindowsStandalone.Extensions.dll
Registered in 0.001050 seconds.
Native extension for WindowsStandalone target not found
Refreshing native plugins compatible for Editor in 85.78 ms, found 1 plugins.
Preloading 0 native plugins for Editor in 0.00 ms.
Mono: successfully reloaded assembly
- Completed reload, in  1.052 seconds
Platform modules already initialized, skipping
Registering precompiled user dll's ...
Registered in 0.001563 seconds.
Begin MonoManager ReloadAssembly
Native extension for WindowsStandalone target not found
Refreshing native plugins compatible for Editor in 79.26 ms, found 1 plugins.
Preloading 0 native plugins for Editor in 0.00 ms.
Mono: successfully reloaded assembly
- Completed reload, in  1.165 seconds
Platform modules already initialized, skipping
========================================================================
Worker process is ready to serve import requests
Launched and connected shader compiler UnityShaderCompiler.exe after 0.04 seconds
Refreshing native plugins compatible for Editor in 1.13 ms, found 1 plugins.
Preloading 0 native plugins for Editor in 0.00 ms.
Unloading 2337 Unused Serialized files (Serialized files now loaded: 0)
System memory in use before: 105.2 MB.
System memory in use after: 105.4 MB.

Unloading 20 unused Assets to reduce memory usage. Loaded Objects now: 2784.
Total: 3.028100 ms (FindLiveObjects: 0.487600 ms CreateObjectMapping: 0.274700 ms MarkObjects: 2.189600 ms  DeleteObjects: 0.075100 ms)

========================================================================
Received Import Request.
  path: Assets/Test Platform.physicsMaterial2D
  artifactKey: Guid(826e3ddf45af3d343a6938d697c447c6) Importer(815301076,1909f56bfc062723c751e8b465ee728b)
Start importing Assets/Test Platform.physicsMaterial2D using Guid(826e3ddf45af3d343a6938d697c447c6) Importer(815301076,1909f56bfc062723c751e8b465ee728b)  -> (artifact id: '6d03da09af13d3716bf86ee1598d6795') in 0.051783 seconds
  Import took 0.056469 seconds .

========================================================================
Received Import Request.
  Time since last request: 1.136371 seconds.
  path: Assets/Scenes
  artifactKey: Guid(8d99cc9db2c5c3248af88059aba5a93a) Importer(815301076,1909f56bfc062723c751e8b465ee728b)
Start importing Assets/Scenes using Guid(8d99cc9db2c5c3248af88059aba5a93a) Importer(815301076,1909f56bfc062723c751e8b465ee728b)  -> (artifact id: 'd4c154a0546e1d425188749ca54b5e20') in 0.012619 seconds
  Import took 0.017969 seconds .

========================================================================
Received Import Request.
  Time since last request: 0.037820 seconds.
  path: Assets/Scenes/Particle System.prefab
  artifactKey: Guid(b7dd0cb50c448e148853710560b661f6) Importer(815301076,1909f56bfc062723c751e8b465ee728b)
Start importing Assets/Scenes/Particle System.prefab using Guid(b7dd0cb50c448e148853710560b661f6) Importer(815301076,1909f56bfc062723c751e8b465ee728b)  -> (artifact id: 'f4214653a8765287d208a4b3ac099621') in 0.034761 seconds
  Import took 0.041384 seconds .

========================================================================
Received Import Request.
  Time since last request: 6.617631 seconds.
  path: Assets/Scenes/SampleScene.unity
  artifactKey: Guid(2cda990e2423bbf4892e6590ba056729) Importer(815301076,1909f56bfc062723c751e8b465ee728b)
Start importing Assets/Scenes/SampleScene.unity using Guid(2cda990e2423bbf4892e6590ba056729) Importer(815301076,1909f56bfc062723c751e8b465ee728b)  -> (artifact id: 'b47f670c80da29ff6b5f0633af1e086f') in 0.015706 seconds
  Import took 0.022314 seconds .

========================================================================
Received Prepare
Registering precompiled user dll's ...
Registered in 0.001497 seconds.
Begin MonoManager ReloadAssembly
Native extension for WindowsStandalone target not found
Refreshing native plugins compatible for Editor in 1.18 ms, found 1 plugins.
Preloading 0 native plugins for Editor in 0.00 ms.
Mono: successfully reloaded assembly
- Completed reload, in  1.039 seconds
Platform modules already initialized, skipping
Refreshing native plugins compatible for Editor in 0.94 ms, found 1 plugins.
Preloading 0 native plugins for Editor in 0.00 ms.
Unloading 2304 Unused Serialized files (Serialized files now loaded: 0)
System memory in use before: 102.4 MB.
System memory in use after: 102.7 MB.

Unloading 8 unused Assets to reduce memory usage. Loaded Objects now: 2789.
Total: 2.961100 ms (FindLiveObjects: 0.408700 ms CreateObjectMapping: 0.194400 ms MarkObjects: 2.334200 ms  DeleteObjects: 0.022500 ms)

========================================================================
Received Import Request.
  Time since last request: 1123.206558 seconds.
  path: Assets/Scripts/World
  artifactKey: Guid(4f02a3ec0d18826409a115193149a8f3) Importer(815301076,1909f56bfc062723c751e8b465ee728b)
Start importing Assets/Scripts/World using Guid(4f02a3ec0d18826409a115193149a8f3) Importer(815301076,1909f56bfc062723c751e8b465ee728b)  -> (artifact id: 'bc02b6f130d5206ccbb82597930db3ae') in 0.023437 seconds
  Import took 0.030396 seconds .

========================================================================
Received Import Request.
  Time since last request: 0.654315 seconds.
  path: Assets/Scripts/World/TileEntity.cs
  artifactKey: Guid(816d22bee02468940826186c453969cc) Importer(815301076,1909f56bfc062723c751e8b465ee728b)
Start importing Assets/Scripts/World/TileEntity.cs using Guid(816d22bee02468940826186c453969cc) Importer(815301076,1909f56bfc062723c751e8b465ee728b)  -> (artifact id: '03c9d5a708ae08aca1cf860e1a4384aa') in 0.026169 seconds
  Import took 0.031769 seconds .

========================================================================
Received Prepare
Registering precompiled user dll's ...
Registered in 0.001638 seconds.
Begin MonoManager ReloadAssembly
Native extension for WindowsStandalone target not found
Refreshing native plugins compatible for Editor in 1.77 ms, found 1 plugins.
Preloading 0 native plugins for Editor in 0.00 ms.
Mono: successfully reloaded assembly
- Completed reload, in  0.998 seconds
Platform modules already initialized, skipping
Refreshing native plugins compatible for Editor in 1.00 ms, found 1 plugins.
Preloading 0 native plugins for Editor in 0.00 ms.
Unloading 2304 Unused Serialized files (Serialized files now loaded: 0)
System memory in use before: 102.5 MB.
System memory in use after: 102.7 MB.

Unloading 8 unused Assets to reduce memory usage. Loaded Objects now: 2793.
Total: 3.091300 ms (FindLiveObjects: 0.521000 ms CreateObjectMapping: 0.295800 ms MarkObjects: 2.253900 ms  DeleteObjects: 0.018300 ms)

========================================================================
Received Prepare
Registering precompiled user dll's ...
Registered in 0.001666 seconds.
Begin MonoManager ReloadAssembly
Native extension for WindowsStandalone target not found
Refreshing native plugins compatible for Editor in 1.86 ms, found 1 plugins.
Preloading 0 native plugins for Editor in 0.00 ms.
Mono: successfully reloaded assembly
- Completed reload, in  1.068 seconds
Platform modules already initialized, skipping
Refreshing native plugins compatible for Editor in 1.99 ms, found 1 plugins.
Preloading 0 native plugins for Editor in 0.00 ms.
Unloading 2304 Unused Serialized files (Serialized files now loaded: 0)
System memory in use before: 102.5 MB.
System memory in use after: 102.7 MB.

Unloading 8 unused Assets to reduce memory usage. Loaded Objects now: 2797.
Total: 2.640000 ms (FindLiveObjects: 0.480200 ms CreateObjectMapping: 0.144400 ms MarkObjects: 1.991600 ms  DeleteObjects: 0.021900 ms)

========================================================================
Received Prepare
Registering precompiled user dll's ...
Registered in 0.001532 seconds.
Begin MonoManager ReloadAssembly
Native extension for WindowsStandalone target not found
Refreshing native plugins compatible for Editor in 1.03 ms, found 1 plugins.
Preloading 0 native plugins for Editor in 0.00 ms.
Mono: successfully reloaded assembly
- Completed reload, in  1.117 seconds
Platform modules already initialized, skipping
Refreshing native plugins compatible for Editor in 1.46 ms, found 1 plugins.
Preloading 0 native plugins for Editor in 0.00 ms.
Unloading 2304 Unused Serialized files (Serialized files now loaded: 0)
System memory in use before: 102.5 MB.
System memory in use after: 102.8 MB.

Unloading 8 unused Assets to reduce memory usage. Loaded Objects now: 2801.
Total: 2.434600 ms (FindLiveObjects: 0.400400 ms CreateObjectMapping: 0.121600 ms MarkObjects: 1.888900 ms  DeleteObjects: 0.022300 ms)

========================================================================
Received Import Request.
  Time since last request: 769.581184 seconds.
  path: ProjectSettings/TagManager.asset
  artifactKey: Guid(00000000000000003000000000000000) Importer(815301076,1909f56bfc062723c751e8b465ee728b)
Start importing ProjectSettings/TagManager.asset using Guid(00000000000000003000000000000000) Importer(815301076,1909f56bfc062723c751e8b465ee728b)  -> (artifact id: '1c037ca2c5e51484f479ce63818a6327') in 0.033875 seconds
  Import took 0.040248 seconds .

========================================================================
Received Prepare
Registering precompiled user dll's ...
Registered in 0.002836 seconds.
Begin MonoManager ReloadAssembly
Native extension for WindowsStandalone target not found
Refreshing native plugins compatible for Editor in 1.02 ms, found 1 plugins.
Preloading 0 native plugins for Editor in 0.00 ms.
Mono: successfully reloaded assembly
- Completed reload, in  0.942 seconds
Platform modules already initialized, skipping
Refreshing native plugins compatible for Editor in 0.95 ms, found 1 plugins.
Preloading 0 native plugins for Editor in 0.00 ms.
Unloading 2304 Unused Serialized files (Serialized files now loaded: 0)
System memory in use before: 102.5 MB.
System memory in use after: 102.7 MB.

Unloading 9 unused Assets to reduce memory usage. Loaded Objects now: 2805.
Total: 2.626600 ms (FindLiveObjects: 0.368400 ms CreateObjectMapping: 0.149500 ms MarkObjects: 2.082500 ms  DeleteObjects: 0.025000 ms)

========================================================================
Received Prepare
Registering precompiled user dll's ...
Registered in 0.001741 seconds.
Begin MonoManager ReloadAssembly
Native extension for WindowsStandalone target not found
Refreshing native plugins compatible for Editor in 0.92 ms, found 1 plugins.
Preloading 0 native plugins for Editor in 0.00 ms.
Mono: successfully reloaded assembly
- Completed reload, in  1.029 seconds
Platform modules already initialized, skipping
Refreshing native plugins compatible for Editor in 0.94 ms, found 1 plugins.
Preloading 0 native plugins for Editor in 0.00 ms.
Unloading 2304 Unused Serialized files (Serialized files now loaded: 0)
System memory in use before: 102.6 MB.
System memory in use after: 102.8 MB.

Unloading 8 unused Assets to reduce memory usage. Loaded Objects now: 2809.
Total: 2.932600 ms (FindLiveObjects: 0.370400 ms CreateObjectMapping: 0.243000 ms MarkObjects: 2.296300 ms  DeleteObjects: 0.021800 ms)

========================================================================
Received Prepare
Registering precompiled user dll's ...
Registered in 0.008894 seconds.
Begin MonoManager ReloadAssembly
Native extension for WindowsStandalone target not found
Refreshing native plugins compatible for Editor in 1.77 ms, found 1 plugins.
Preloading 0 native plugins for Editor in 0.00 ms.
Mono: successfully reloaded assembly
- Completed reload, in  1.366 seconds
Platform modules already initialized, skipping
Refreshing native plugins compatible for Editor in 0.93 ms, found 1 plugins.
Preloading 0 native plugins for Editor in 0.00 ms.
Unloading 2304 Unused Serialized files (Serialized files now loaded: 0)
System memory in use before: 102.6 MB.
System memory in use after: 102.8 MB.

Unloading 8 unused Assets to reduce memory usage. Loaded Objects now: 2813.
Total: 2.855900 ms (FindLiveObjects: 0.347000 ms CreateObjectMapping: 0.247700 ms MarkObjects: 2.232600 ms  DeleteObjects: 0.027200 ms)

AssetImportWorkerClient::OnTransportError - code=2 error=End of file
